<?xml version="1.0" encoding="UTF-8"?>
<testng-results skipped="0" failed="0" ignored="0" total="1" passed="1">
  <reporter-output>
  </reporter-output>
  <suite name="Default suite" duration-ms="44896" started-at="2018-04-11T08:53:37Z" finished-at="2018-04-11T08:54:21Z">
    <groups>
    </groups>
    <test name="Default test" duration-ms="44896" started-at="2018-04-11T08:53:37Z" finished-at="2018-04-11T08:54:21Z">
      <class name="SikuliTest.sikuli.launchTab">
        <test-method status="PASS" signature="openApp()[pri:0, instance:SikuliTest.sikuli.launchTab@c75074]" name="openApp" is-config="true" duration-ms="42" started-at="2018-04-11T14:23:37Z" finished-at="2018-04-11T14:23:37Z">
          <reporter-output>
          </reporter-output>
        </test-method> <!-- openApp -->
        <test-method status="PASS" signature="mysqltest()[pri:0, instance:SikuliTest.sikuli.launchTab@c75074]" name="mysqltest" duration-ms="44831" started-at="2018-04-11T14:23:37Z" finished-at="2018-04-11T14:24:21Z">
          <reporter-output>
          </reporter-output>
        </test-method> <!-- mysqltest -->
      </class> <!-- SikuliTest.sikuli.launchTab -->
    </test> <!-- Default test -->
  </suite> <!-- Default suite -->
</testng-results>
