<?xml version="1.0" encoding="UTF-8"?>
<testng-results skipped="0" failed="0" ignored="0" total="2" passed="2">
  <reporter-output>
  </reporter-output>
  <suite name="Default suite" duration-ms="40352" started-at="2018-04-10T10:11:10Z" finished-at="2018-04-10T10:11:51Z">
    <groups>
    </groups>
    <test name="Default test" duration-ms="40352" started-at="2018-04-10T10:11:10Z" finished-at="2018-04-10T10:11:51Z">
      <class name="SikuliTest.sikuli.launchTab">
        <test-method status="PASS" signature="openApp()[pri:0, instance:SikuliTest.sikuli.launchTab@83b407]" name="openApp" is-config="true" duration-ms="58" started-at="2018-04-10T15:41:10Z" finished-at="2018-04-10T15:41:10Z">
          <reporter-output>
          </reporter-output>
        </test-method> <!-- openApp -->
      </class> <!-- SikuliTest.sikuli.launchTab -->
      <class name="mysql_all_test.MySQL_connection">
        <test-method status="PASS" signature="mysqltest()[pri:0, instance:mysql_all_test.MySQL_connection@19c0f4a]" name="mysqltest" duration-ms="18568" started-at="2018-04-10T15:41:32Z" finished-at="2018-04-10T15:41:51Z">
          <reporter-output>
          </reporter-output>
        </test-method> <!-- mysqltest -->
      </class> <!-- mysql_all_test.MySQL_connection -->
      <class name="SikuliTest.sikuli.chromeLaunch">
        <test-method status="PASS" signature="b()[pri:0, instance:SikuliTest.sikuli.chromeLaunch@19d1a19]" name="b" duration-ms="21644" started-at="2018-04-10T15:41:11Z" finished-at="2018-04-10T15:41:32Z">
          <reporter-output>
          </reporter-output>
        </test-method> <!-- b -->
      </class> <!-- SikuliTest.sikuli.chromeLaunch -->
    </test> <!-- Default test -->
  </suite> <!-- Default suite -->
</testng-results>
