<?xml version="1.0" encoding="UTF-8"?>
<testng-results skipped="0" failed="0" ignored="0" total="1" passed="1">
  <reporter-output>
  </reporter-output>
  <suite name="Default suite" duration-ms="39213" started-at="2018-04-03T09:20:39Z" finished-at="2018-04-03T09:21:18Z">
    <groups>
    </groups>
    <test name="Default test" duration-ms="39213" started-at="2018-04-03T09:20:39Z" finished-at="2018-04-03T09:21:18Z">
      <class name="SikuliTest.sikuli.chromeLaunch">
        <test-method status="PASS" signature="b()[pri:0, instance:SikuliTest.sikuli.chromeLaunch@7fa833]" name="b" duration-ms="39185" started-at="2018-04-03T14:50:39Z" finished-at="2018-04-03T14:51:18Z">
          <reporter-output>
          </reporter-output>
        </test-method> <!-- b -->
      </class> <!-- SikuliTest.sikuli.chromeLaunch -->
    </test> <!-- Default test -->
  </suite> <!-- Default suite -->
</testng-results>
